0 info it worked if it ends with ok
1 verbose cli [ 'C:\\Program Files\\nodejs\\node.exe',
1 verbose cli   'C:\\Program Files\\nodejs\\node_modules\\npm\\bin\\npm-cli.js',
1 verbose cli   'run',
1 verbose cli   'lint' ]
2 info using npm@3.7.3
3 info using node@v5.9.1
4 verbose run-script [ 'prelint', 'lint', 'postlint' ]
5 info lifecycle retail-ui@0.4.6~prelint: retail-ui@0.4.6
6 silly lifecycle retail-ui@0.4.6~prelint: no script for prelint, continuing
7 info lifecycle retail-ui@0.4.6~lint: retail-ui@0.4.6
8 verbose lifecycle retail-ui@0.4.6~lint: unsafe-perm in lifecycle true
9 verbose lifecycle retail-ui@0.4.6~lint: PATH: C:\Program Files\nodejs\node_modules\npm\bin\node-gyp-bin;C:\Users\pravosud\Desktop\retail-ui\node_modules\.bin;C:\Program Files\nodejs;C:\Program Files\ConEmu;C:\Program Files\ConEmu\ConEmu;C:\WINDOWS\system32;C:\WINDOWS;C:\WINDOWS\System32\Wbem;C:\WINDOWS\System32\WindowsPowerShell\v1.0\;C:\Program Files\Git\cmd;C:\Program Files\Git\mingw64\bin;C:\Program Files\Git\usr\bin;C:\WINDOWS\system32\config\systemprofile\.dnx\bin;C:\Program Files\Microsoft DNX\Dnvm\;C:\Program Files\nodejs\;C:\Program Files (x86)\GitExtensions\;C:\Users\pravosud\bin;C:\python27;C:\Users\pravosud\AppData\Roaming\npm;C:\Program Files (x86)\Microsoft VS Code\bin
10 verbose lifecycle retail-ui@0.4.6~lint: CWD: C:\Users\pravosud\Desktop\retail-ui
11 silly lifecycle retail-ui@0.4.6~lint: Args: [ '/d /s /c', 'eslint --ext .js,.jsx components docs/src' ]
12 silly lifecycle retail-ui@0.4.6~lint: Returned: code: 1  signal: null
13 info lifecycle retail-ui@0.4.6~lint: Failed to exec lint script
14 verbose stack Error: retail-ui@0.4.6 lint: `eslint --ext .js,.jsx components docs/src`
14 verbose stack Exit status 1
14 verbose stack     at EventEmitter.<anonymous> (C:\Program Files\nodejs\node_modules\npm\lib\utils\lifecycle.js:239:16)
14 verbose stack     at emitTwo (events.js:100:13)
14 verbose stack     at EventEmitter.emit (events.js:185:7)
14 verbose stack     at ChildProcess.<anonymous> (C:\Program Files\nodejs\node_modules\npm\lib\utils\spawn.js:24:14)
14 verbose stack     at emitTwo (events.js:100:13)
14 verbose stack     at ChildProcess.emit (events.js:185:7)
14 verbose stack     at maybeClose (internal/child_process.js:850:16)
14 verbose stack     at Process.ChildProcess._handle.onexit (internal/child_process.js:215:5)
15 verbose pkgid retail-ui@0.4.6
16 verbose cwd C:\Users\pravosud\Desktop\retail-ui
17 error Windows_NT 10.0.10240
18 error argv "C:\\Program Files\\nodejs\\node.exe" "C:\\Program Files\\nodejs\\node_modules\\npm\\bin\\npm-cli.js" "run" "lint"
19 error node v5.9.1
20 error npm  v3.7.3
21 error code ELIFECYCLE
22 error retail-ui@0.4.6 lint: `eslint --ext .js,.jsx components docs/src`
22 error Exit status 1
23 error Failed at the retail-ui@0.4.6 lint script 'eslint --ext .js,.jsx components docs/src'.
23 error Make sure you have the latest version of node.js and npm installed.
23 error If you do, this is most likely a problem with the retail-ui package,
23 error not with npm itself.
23 error Tell the author that this fails on your system:
23 error     eslint --ext .js,.jsx components docs/src
23 error You can get information on how to open an issue for this project with:
23 error     npm bugs retail-ui
23 error Or if that isn't available, you can get their info via:
23 error     npm owner ls retail-ui
23 error There is likely additional logging output above.
24 verbose exit [ 1, true ]
